----------------------------- REMOTE BUILD OUTPUT ------------------------------
starting build "56295ed6-f893-48e7-9b45-a51d0a4f9f12"

FETCHSOURCE
Fetching storage object: gs://solarsail-499714_cloudbuild/source/1781775717.760157-45bc299dfa094ac6aad385affdd2e603.tgz#1781775739680651
Copying gs://solarsail-499714_cloudbuild/source/1781775717.760157-45bc299dfa094ac6aad385affdd2e603.tgz#1781775739680651...
/ [0 files][    0.0 B/  9.8 MiB]                                                
/ [1 files][  9.8 MiB/  9.8 MiB]                                                

Operation completed over 1 objects/9.8 MiB.                                      
BUILD
Already have image (with digest): gcr.io/cloud-builders/gcb-internal
Sending build context to Docker daemon  177.7kB


Step 1/9 : FROM node:18-bullseye-slim
18-bullseye-slim: Pulling from library/node
e1f16b66c2e8: Pulling fs layer
56e571f2ee22: Pulling fs layer
3e45f7833689: Pulling fs layer
8a49ca04d9f2: Pulling fs layer
42f42eafefa5: Pulling fs layer
42f42eafefa5: Verifying Checksum
42f42eafefa5: Download complete
8a49ca04d9f2: Verifying Checksum
8a49ca04d9f2: Download complete
56e571f2ee22: Download complete
3e45f7833689: Verifying Checksum
3e45f7833689: Download complete
e1f16b66c2e8: Verifying Checksum
e1f16b66c2e8: Download complete
e1f16b66c2e8: Pull complete
56e571f2ee22: Pull complete
3e45f7833689: Pull complete
8a49ca04d9f2: Pull complete
42f42eafefa5: Pull complete
Digest: sha256:d69fb189fa7765636655db043a6a9e6be5ddf94bd1a8dc33fd0bcf4664606a9e
Status: Downloaded newer image for node:18-bullseye-slim
 1f6e0489132b
Step 2/9 : RUN apt-get update && apt-get install -y python3 make g++ curl && rm -rf /var/lib/apt/lists/*
 Running in 40e82b934fde
Get:1 http://deb.debian.org/debian bullseye InRelease [75.1 kB]
Get:2 http://deb.debian.org/debian-security bullseye-security InRelease [27.2 kB]
Get:3 http://deb.debian.org/debian bullseye-updates InRelease [44.0 kB]
Get:4 http://deb.debian.org/debian bullseye/main amd64 Packages [8066 kB]
Get:5 http://deb.debian.org/debian-security bullseye-security/main amd64 Packages [456 kB]
Get:6 http://deb.debian.org/debian bullseye-updates/main amd64 Packages [18.8 kB]
Fetched 8687 kB in 1s (7557 kB/s)
Reading package lists...
Reading package lists...
Building dependency tree...
Reading state information...
The following additional packages will be installed:
  binutils binutils-common binutils-x86-64-linux-gnu ca-certificates cpp
  cpp-10 fontconfig-config fonts-dejavu-core g++-10 gcc gcc-10 libasan6
  libatomic1 libbinutils libbrotli1 libbsd0 libc-dev-bin libc-devtools libc6
  libc6-dev libcc1-0 libcrypt-dev libctf-nobfd0 libctf0 libcurl4 libdeflate0
  libexpat1 libfontconfig1 libfreetype6 libgcc-10-dev libgd3 libgomp1 libgpm2
  libisl23 libitm1 libjbig0 libjpeg62-turbo libldap-2.4-2 libldap-common
  liblsan0 libmd0 libmpc3 libmpdec3 libmpfr6 libncursesw6 libnghttp2-14
  libnsl-dev libpng16-16 libpsl5 libpython3-stdlib libpython3.9-minimal
  libpython3.9-stdlib libquadmath0 libreadline8 librtmp1 libsasl2-2
  libsasl2-modules libsasl2-modules-db libsqlite3-0 libssh2-1 libstdc++-10-dev
  libtiff5 libtirpc-dev libtsan0 libubsan1 libwebp6 libx11-6 libx11-data
  libxau6 libxcb1 libxdmcp6 libxpm4 linux-libc-dev manpages manpages-dev
  media-types openssl publicsuffix python3-minimal python3.9 python3.9-minimal
  readline-common sensible-utils ucf
Suggested packages:
  binutils-doc cpp-doc gcc-10-locales g++-multilib g++-10-multilib gcc-10-doc
  gcc-multilib autoconf automake libtool flex bison gdb gcc-doc
  gcc-10-multilib glibc-doc libc-l10n locales libgd-tools gpm
  libsasl2-modules-gssapi-mit | libsasl2-modules-gssapi-heimdal
  libsasl2-modules-ldap libsasl2-modules-otp libsasl2-modules-sql
  libstdc++-10-doc make-doc man-browser python3-doc python3-tk python3-venv
  python3.9-venv python3.9-doc binfmt-support readline-doc
Recommended packages:
  libnss-nis libnss-nisplus
The following NEW packages will be installed:
  binutils binutils-common binutils-x86-64-linux-gnu ca-certificates cpp
  cpp-10 curl fontconfig-config fonts-dejavu-core g++ g++-10 gcc gcc-10
  libasan6 libatomic1 libbinutils libbrotli1 libbsd0 libc-dev-bin
  libc-devtools libc6-dev libcc1-0 libcrypt-dev libctf-nobfd0 libctf0 libcurl4
  libdeflate0 libexpat1 libfontconfig1 libfreetype6 libgcc-10-dev libgd3
  libgomp1 libgpm2 libisl23 libitm1 libjbig0 libjpeg62-turbo libldap-2.4-2
  libldap-common liblsan0 libmd0 libmpc3 libmpdec3 libmpfr6 libncursesw6
  libnghttp2-14 libnsl-dev libpng16-16 libpsl5 libpython3-stdlib
  libpython3.9-minimal libpython3.9-stdlib libquadmath0 libreadline8 librtmp1
  libsasl2-2 libsasl2-modules libsasl2-modules-db libsqlite3-0 libssh2-1
  libstdc++-10-dev libtiff5 libtirpc-dev libtsan0 libubsan1 libwebp6 libx11-6
  libx11-data libxau6 libxcb1 libxdmcp6 libxpm4 linux-libc-dev make manpages
  manpages-dev media-types openssl publicsuffix python3 python3-minimal
  python3.9 python3.9-minimal readline-common sensible-utils ucf
The following packages will be upgraded:
  libc6
1 upgraded, 87 newly installed, 0 to remove and 16 not upgraded.
Need to get 78.9 MB of archives.
After this operation, 270 MB of additional disk space will be used.
Get:1 http://deb.debian.org/debian-security bullseye-security/main amd64 libc6 amd64 2.31-13+deb11u14 [2820 kB]
Get:2 http://deb.debian.org/debian-security bullseye-security/main amd64 libpython3.9-minimal amd64 3.9.2-1+deb11u7 [807 kB]
Get:3 http://deb.debian.org/debian-security bullseye-security/main amd64 libexpat1 amd64 2.2.10-2+deb11u7 [99.2 kB]
Get:4 http://deb.debian.org/debian-security bullseye-security/main amd64 python3.9-minimal amd64 3.9.2-1+deb11u7 [1944 kB]
Get:5 http://deb.debian.org/debian bullseye/main amd64 python3-minimal amd64 3.9.2-3 [38.2 kB]
Get:6 http://deb.debian.org/debian bullseye/main amd64 media-types all 4.0.0 [30.3 kB]
Get:7 http://deb.debian.org/debian bullseye/main amd64 libmpdec3 amd64 2.5.1-1 [87.7 kB]
Get:8 http://deb.debian.org/debian bullseye/main amd64 libncursesw6 amd64 6.2+20201114-2+deb11u2 [132 kB]
Get:9 http://deb.debian.org/debian bullseye/main amd64 readline-common all 8.1-1 [73.7 kB]
Get:10 http://deb.debian.org/debian bullseye/main amd64 libreadline8 amd64 8.1-1 [169 kB]
Get:11 http://deb.debian.org/debian-security bullseye-security/main amd64 libsqlite3-0 amd64 3.34.1-3+deb11u1 [797 kB]
Get:12 http://deb.debian.org/debian-security bullseye-security/main amd64 libpython3.9-stdlib amd64 3.9.2-1+deb11u7 [1685 kB]
Get:13 http://deb.debian.org/debian-security bullseye-security/main amd64 python3.9 amd64 3.9.2-1+deb11u7 [468 kB]
Get:14 http://deb.debian.org/debian bullseye/main amd64 libpython3-stdlib amd64 3.9.2-3 [21.4 kB]
Get:15 http://deb.debian.org/debian bullseye/main amd64 python3 amd64 3.9.2-3 [37.9 kB]
Get:16 http://deb.debian.org/debian bullseye/main amd64 sensible-utils all 0.0.14 [14.8 kB]
Get:17 http://deb.debian.org/debian-security bullseye-security/main amd64 openssl amd64 1.1.1w-0+deb11u8 [860 kB]
Get:18 http://deb.debian.org/debian-security bullseye-security/main amd64 ca-certificates all 20230311+deb12u1~deb11u1 [169 kB]
Get:19 http://deb.debian.org/debian bullseye/main amd64 manpages all 5.10-1 [1412 kB]
Get:20 http://deb.debian.org/debian-security bullseye-security/main amd64 ucf all 3.0043+deb11u2 [74.3 kB]
Get:21 http://deb.debian.org/debian bullseye/main amd64 binutils-common amd64 2.35.2-2 [2220 kB]
Get:22 http://deb.debian.org/debian bullseye/main amd64 libbinutils amd64 2.35.2-2 [570 kB]
Get:23 http://deb.debian.org/debian bullseye/main amd64 libctf-nobfd0 amd64 2.35.2-2 [110 kB]
Get:24 http://deb.debian.org/debian bullseye/main amd64 libctf0 amd64 2.35.2-2 [53.2 kB]
Get:25 http://deb.debian.org/debian bullseye/main amd64 binutils-x86-64-linux-gnu amd64 2.35.2-2 [1809 kB]
Get:26 http://deb.debian.org/debian bullseye/main amd64 binutils amd64 2.35.2-2 [61.2 kB]
Get:27 http://deb.debian.org/debian bullseye/main amd64 libisl23 amd64 0.23-1 [676 kB]
Get:28 http://deb.debian.org/debian bullseye/main amd64 libmpfr6 amd64 4.1.0-3 [2012 kB]
Get:29 http://deb.debian.org/debian bullseye/main amd64 libmpc3 amd64 1.2.0-1 [45.0 kB]
Get:30 http://deb.debian.org/debian bullseye/main amd64 cpp-10 amd64 10.2.1-6 [8528 kB]
Get:31 http://deb.debian.org/debian bullseye/main amd64 cpp amd64 4:10.2.1-1 [19.7 kB]
Get:32 http://deb.debian.org/debian bullseye/main amd64 libbrotli1 amd64 1.0.9-2+b2 [279 kB]
Get:33 http://deb.debian.org/debian bullseye/main amd64 libsasl2-modules-db amd64 2.1.27+dfsg-2.1+deb11u1 [69.1 kB]
Get:34 http://deb.debian.org/debian bullseye/main amd64 libsasl2-2 amd64 2.1.27+dfsg-2.1+deb11u1 [106 kB]
Get:35 http://deb.debian.org/debian bullseye/main amd64 libldap-2.4-2 amd64 2.4.57+dfsg-3+deb11u1 [232 kB]
Get:36 http://deb.debian.org/debian-security bullseye-security/main amd64 libnghttp2-14 amd64 1.43.0-1+deb11u3 [77.6 kB]
Get:37 http://deb.debian.org/debian bullseye/main amd64 libpsl5 amd64 0.21.0-1.2 [57.3 kB]
Get:38 http://deb.debian.org/debian bullseye/main amd64 librtmp1 amd64 2.4+20151223.gitfa8646d.1-2+b2 [60.8 kB]
Get:39 http://deb.debian.org/debian bullseye/main amd64 libssh2-1 amd64 1.9.0-2+deb11u1 [156 kB]
Get:40 http://deb.debian.org/debian-security bullseye-security/main amd64 libcurl4 amd64 7.74.0-1.3+deb11u16 [347 kB]
Get:41 http://deb.debian.org/debian-security bullseye-security/main amd64 curl amd64 7.74.0-1.3+deb11u16 [272 kB]
Get:42 http://deb.debian.org/debian bullseye/main amd64 fonts-dejavu-core all 2.37-2 [1069 kB]
Get:43 http://deb.debian.org/debian bullseye/main amd64 fontconfig-config all 2.13.1-4.2 [281 kB]
Get:44 http://deb.debian.org/debian bullseye/main amd64 libcc1-0 amd64 10.2.1-6 [47.0 kB]
Get:45 http://deb.debian.org/debian bullseye/main amd64 libgomp1 amd64 10.2.1-6 [99.9 kB]
Get:46 http://deb.debian.org/debian bullseye/main amd64 libitm1 amd64 10.2.1-6 [25.8 kB]
Get:47 http://deb.debian.org/debian bullseye/main amd64 libatomic1 amd64 10.2.1-6 [9008 B]
Get:48 http://deb.debian.org/debian bullseye/main amd64 libasan6 amd64 10.2.1-6 [2065 kB]
Get:49 http://deb.debian.org/debian bullseye/main amd64 liblsan0 amd64 10.2.1-6 [828 kB]
Get:50 http://deb.debian.org/debian bullseye/main amd64 libtsan0 amd64 10.2.1-6 [2000 kB]
Get:51 http://deb.debian.org/debian bullseye/main amd64 libubsan1 amd64 10.2.1-6 [777 kB]
Get:52 http://deb.debian.org/debian bullseye/main amd64 libquadmath0 amd64 10.2.1-6 [145 kB]
Get:53 http://deb.debian.org/debian bullseye/main amd64 libgcc-10-dev amd64 10.2.1-6 [2328 kB]
Get:54 http://deb.debian.org/debian bullseye/main amd64 gcc-10 amd64 10.2.1-6 [17.0 MB]
Get:55 http://deb.debian.org/debian bullseye/main amd64 gcc amd64 4:10.2.1-1 [5192 B]
Get:56 http://deb.debian.org/debian-security bullseye-security/main amd64 libc-dev-bin amd64 2.31-13+deb11u14 [277 kB]
Get:57 http://deb.debian.org/debian-security bullseye-security/main amd64 linux-libc-dev amd64 5.10.257-1 [1897 kB]
Get:58 http://deb.debian.org/debian bullseye/main amd64 libcrypt-dev amd64 1:4.4.18-4 [104 kB]
Get:59 http://deb.debian.org/debian bullseye/main amd64 libtirpc-dev amd64 1.3.1-1+deb11u1 [191 kB]
Get:60 http://deb.debian.org/debian bullseye/main amd64 libnsl-dev amd64 1.3.0-2 [66.4 kB]
Get:61 http://deb.debian.org/debian-security bullseye-security/main amd64 libc6-dev amd64 2.31-13+deb11u14 [2360 kB]
Get:62 http://deb.debian.org/debian bullseye/main amd64 libstdc++-10-dev amd64 10.2.1-6 [1741 kB]
Get:63 http://deb.debian.org/debian bullseye/main amd64 g++-10 amd64 10.2.1-6 [9380 kB]
Get:64 http://deb.debian.org/debian bullseye/main amd64 g++ amd64 4:10.2.1-1 [1644 B]
Get:65 http://deb.debian.org/debian bullseye/main amd64 libmd0 amd64 1.0.3-3 [28.0 kB]
Get:66 http://deb.debian.org/debian bullseye/main amd64 libbsd0 amd64 0.11.3-1+deb11u1 [108 kB]
Get:67 http://deb.debian.org/debian-security bullseye-security/main amd64 libpng16-16 amd64 1.6.37-3+deb11u4 [295 kB]
Get:68 http://deb.debian.org/debian-security bullseye-security/main amd64 libfreetype6 amd64 2.10.4+dfsg-1+deb11u2 [418 kB]
Get:69 http://deb.debian.org/debian bullseye/main amd64 libfontconfig1 amd64 2.13.1-4.2 [347 kB]
Get:70 http://deb.debian.org/debian bullseye/main amd64 libjpeg62-turbo amd64 1:2.0.6-4 [151 kB]
Get:71 http://deb.debian.org/debian bullseye/main amd64 libdeflate0 amd64 1.7-1 [53.1 kB]
Get:72 http://deb.debian.org/debian bullseye/main amd64 libjbig0 amd64 2.1-3.1+b2 [31.0 kB]
Get:73 http://deb.debian.org/debian bullseye/main amd64 libwebp6 amd64 0.6.1-2.1+deb11u2 [259 kB]
Get:74 http://deb.debian.org/debian-security bullseye-security/main amd64 libtiff5 amd64 4.2.0-1+deb11u8 [291 kB]
Get:75 http://deb.debian.org/debian bullseye/main amd64 libxau6 amd64 1:1.0.9-1 [19.7 kB]
Get:76 http://deb.debian.org/debian bullseye/main amd64 libxdmcp6 amd64 1:1.1.2-3 [26.3 kB]
Get:77 http://deb.debian.org/debian bullseye/main amd64 libxcb1 amd64 1.14-3 [140 kB]
Get:78 http://deb.debian.org/debian bullseye/main amd64 libx11-data all 2:1.7.2-1+deb11u2 [311 kB]
Get:79 http://deb.debian.org/debian bullseye/main amd64 libx11-6 amd64 2:1.7.2-1+deb11u2 [772 kB]
Get:80 http://deb.debian.org/debian bullseye/main amd64 libxpm4 amd64 1:3.5.12-1.1+deb11u1 [50.0 kB]
Get:81 http://deb.debian.org/debian-security bullseye-security/main amd64 libgd3 amd64 2.3.0-2+deb11u1 [138 kB]
Get:82 http://deb.debian.org/debian-security bullseye-security/main amd64 libc-devtools amd64 2.31-13+deb11u14 [247 kB]
Get:83 http://deb.debian.org/debian bullseye/main amd64 libgpm2 amd64 1.20.7-8 [35.6 kB]
Get:84 http://deb.debian.org/debian bullseye/main amd64 libldap-common all 2.4.57+dfsg-3+deb11u1 [95.8 kB]
Get:85 http://deb.debian.org/debian bullseye/main amd64 libsasl2-modules amd64 2.1.27+dfsg-2.1+deb11u1 [104 kB]
Get:86 http://deb.debian.org/debian bullseye/main amd64 make amd64 4.3-4.1 [396 kB]
Get:87 http://deb.debian.org/debian bullseye/main amd64 manpages-dev all 5.10-1 [2309 kB]
Get:88 http://deb.debian.org/debian bullseye/main amd64 publicsuffix all 20220811.1734-0+deb11u1 [127 kB]
[91mdebconf: delaying package configuration, since apt-utils is not installed
[0mFetched 78.9 MB in 1s (136 MB/s)
(Reading database ... 
(Reading database ... 5%
(Reading database ... 10%
(Reading database ... 15%
(Reading database ... 20%
(Reading database ... 25%
(Reading database ... 30%
(Reading database ... 35%
(Reading database ... 40%
(Reading database ... 45%
(Reading database ... 50%
(Reading database ... 55%
(Reading database ... 60%
(Reading database ... 65%
(Reading database ... 70%
(Reading database ... 75%
(Reading database ... 80%
(Reading database ... 85%
(Reading database ... 90%
(Reading database ... 95%
(Reading database ... 100%
(Reading database ... 6673 files and directories currently installed.)

Preparing to unpack .../libc6_2.31-13+deb11u14_amd64.deb ...

debconf: unable to initialize frontend: Dialog

debconf: (TERM is not set, so the dialog frontend is not usable.)

debconf: falling back to frontend: Readline

debconf: unable to initialize frontend: Readline

debconf: (Can't locate Term/ReadLine.pm in @INC (you may need to install the Term::ReadLine module) (@INC contains: /etc/perl /usr/local/lib/x86_64-linux-gnu/perl/5.32.1 /usr/local/share/perl/5.32.1 /usr/lib/x86_64-linux-gnu/perl5/5.32 /usr/share/perl5 /usr/lib/x86_64-linux-gnu/perl-base /usr/lib/x86_64-linux-gnu/perl/5.32 /usr/share/perl/5.32 /usr/local/lib/site_perl) at /usr/share/perl5/Debconf/FrontEnd/Readline.pm line 7.)

debconf: falling back to frontend: Teletype

debconf: unable to initialize frontend: Dialog

debconf: (TERM is not set, so the dialog frontend is not usable.)

debconf: falling back to frontend: Readline

debconf: unable to initialize frontend: Readline

debconf: (Can't locate Term/ReadLine.pm in @INC (you may need to install the Term::ReadLine module) (@INC contains: /etc/perl /usr/local/lib/x86_64-linux-gnu/perl/5.32.1 /usr/local/share/perl/5.32.1 /usr/lib/x86_64-linux-gnu/perl5/5.32 /usr/share/perl5 /usr/lib/x86_64-linux-gnu/perl-base /usr/lib/x86_64-linux-gnu/perl/5.32 /usr/share/perl/5.32 /usr/local/lib/site_perl) at /usr/share/perl5/Debconf/FrontEnd/Readline.pm line 7.)

debconf: falling back to frontend: Teletype

Unpacking libc6:amd64 (2.31-13+deb11u14) over (2.31-13+deb11u12) ...

Setting up libc6:amd64 (2.31-13+deb11u14) ...

debconf: unable to initialize frontend: Dialog

debconf: (TERM is not set, so the dialog frontend is not usable.)

debconf: falling back to frontend: Readline

debconf: unable to initialize frontend: Readline

debconf: (Can't locate Term/ReadLine.pm in @INC (you may need to install the Term::ReadLine module) (@INC contains: /etc/perl /usr/local/lib/x86_64-linux-gnu/perl/5.32.1 /usr/local/share/perl/5.32.1 /usr/lib/x86_64-linux-gnu/perl5/5.32 /usr/share/perl5 /usr/lib/x86_64-linux-gnu/perl-base /usr/lib/x86_64-linux-gnu/perl/5.32 /usr/share/perl/5.32 /usr/local/lib/site_perl) at /usr/share/perl5/Debconf/FrontEnd/Readline.pm line 7.)

debconf: falling back to frontend: Teletype

Selecting previously unselected package libpython3.9-minimal:amd64.

(Reading database ... 
(Reading database ... 5%
(Reading database ... 10%
(Reading database ... 15%
(Reading database ... 20%
(Reading database ... 25%
(Reading database ... 30%
(Reading database ... 35%
(Reading database ... 40%
(Reading database ... 45%
(Reading database ... 50%
(Reading database ... 55%
(Reading database ... 60%
(Reading database ... 65%
(Reading database ... 70%
(Reading database ... 75%
(Reading database ... 80%
(Reading database ... 85%
(Reading database ... 90%
(Reading database ... 95%
(Reading database ... 100%
(Reading database ... 6673 files and directories currently installed.)

Preparing to unpack .../libpython3.9-minimal_3.9.2-1+deb11u7_amd64.deb ...

Unpacking libpython3.9-minimal:amd64 (3.9.2-1+deb11u7) ...

Selecting previously unselected package libexpat1:amd64.

Preparing to unpack .../libexpat1_2.2.10-2+deb11u7_amd64.deb ...

Unpacking libexpat1:amd64 (2.2.10-2+deb11u7) ...

Selecting previously unselected package python3.9-minimal.

Preparing to unpack .../python3.9-minimal_3.9.2-1+deb11u7_amd64.deb ...

Unpacking python3.9-minimal (3.9.2-1+deb11u7) ...

Setting up libpython3.9-minimal:amd64 (3.9.2-1+deb11u7) ...

Setting up libexpat1:amd64 (2.2.10-2+deb11u7) ...

Setting up python3.9-minimal (3.9.2-1+deb11u7) ...

Selecting previously unselected package python3-minimal.

(Reading database ... 
(Reading database ... 5%
(Reading database ... 10%
(Reading database ... 15%
(Reading database ... 20%
(Reading database ... 25%
(Reading database ... 30%
(Reading database ... 35%
(Reading database ... 40%
(Reading database ... 45%
(Reading database ... 50%
(Reading database ... 55%
(Reading database ... 60%
(Reading database ... 65%
(Reading database ... 70%
(Reading database ... 75%
(Reading database ... 80%
(Reading database ... 85%
(Reading database ... 90%
(Reading database ... 95%
(Reading database ... 100%
(Reading database ... 6967 files and directories currently installed.)

Preparing to unpack .../0-python3-minimal_3.9.2-3_amd64.deb ...

Unpacking python3-minimal (3.9.2-3) ...

Selecting previously unselected package media-types.

Preparing to unpack .../1-media-types_4.0.0_all.deb ...

Unpacking media-types (4.0.0) ...

Selecting previously unselected package libmpdec3:amd64.

Preparing to unpack .../2-libmpdec3_2.5.1-1_amd64.deb ...

Unpacking libmpdec3:amd64 (2.5.1-1) ...

Selecting previously unselected package libncursesw6:amd64.

Preparing to unpack .../3-libncursesw6_6.2+20201114-2+deb11u2_amd64.deb ...

Unpacking libncursesw6:amd64 (6.2+20201114-2+deb11u2) ...

Selecting previously unselected package readline-common.

Preparing to unpack .../4-readline-common_8.1-1_all.deb ...

Unpacking readline-common (8.1-1) ...

Selecting previously unselected package libreadline8:amd64.

Preparing to unpack .../5-libreadline8_8.1-1_amd64.deb ...

Unpacking libreadline8:amd64 (8.1-1) ...

Selecting previously unselected package libsqlite3-0:amd64.

Preparing to unpack .../6-libsqlite3-0_3.34.1-3+deb11u1_amd64.deb ...

Unpacking libsqlite3-0:amd64 (3.34.1-3+deb11u1) ...

Selecting previously unselected package libpython3.9-stdlib:amd64.

Preparing to unpack .../7-libpython3.9-stdlib_3.9.2-1+deb11u7_amd64.deb ...

Unpacking libpython3.9-stdlib:amd64 (3.9.2-1+deb11u7) ...

Selecting previously unselected package python3.9.

Preparing to unpack .../8-python3.9_3.9.2-1+deb11u7_amd64.deb ...

Unpacking python3.9 (3.9.2-1+deb11u7) ...

Selecting previously unselected package libpython3-stdlib:amd64.

Preparing to unpack .../9-libpython3-stdlib_3.9.2-3_amd64.deb ...

Unpacking libpython3-stdlib:amd64 (3.9.2-3) ...

Setting up python3-minimal (3.9.2-3) ...

Selecting previously unselected package python3.

(Reading database ... 
(Reading database ... 5%
(Reading database ... 10%
(Reading database ... 15%
(Reading database ... 20%
(Reading database ... 25%
(Reading database ... 30%
(Reading database ... 35%
(Reading database ... 40%
(Reading database ... 45%
(Reading database ... 50%
(Reading database ... 55%
(Reading database ... 60%
(Reading database ... 65%
(Reading database ... 70%
(Reading database ... 75%
(Reading database ... 80%
(Reading database ... 85%
(Reading database ... 90%
(Reading database ... 95%
(Reading database ... 100%
(Reading database ... 7406 files and directories currently installed.)

Preparing to unpack .../00-python3_3.9.2-3_amd64.deb ...

Unpacking python3 (3.9.2-3) ...

Selecting previously unselected package sensible-utils.

Preparing to unpack .../01-sensible-utils_0.0.14_all.deb ...

Unpacking sensible-utils (0.0.14) ...

Selecting previously unselected package openssl.

Preparing to unpack .../02-openssl_1.1.1w-0+deb11u8_amd64.deb ...

Unpacking openssl (1.1.1w-0+deb11u8) ...

Selecting previously unselected package ca-certificates.

Preparing to unpack .../03-ca-certificates_20230311+deb12u1~deb11u1_all.deb ...

Unpacking ca-certificates (20230311+deb12u1~deb11u1) ...

Selecting previously unselected package manpages.

Preparing to unpack .../04-manpages_5.10-1_all.deb ...

Unpacking manpages (5.10-1) ...

Selecting previously unselected package ucf.

Preparing to unpack .../05-ucf_3.0043+deb11u2_all.deb ...

Moving old data out of the way

Unpacking ucf (3.0043+deb11u2) ...

Selecting previously unselected package binutils-common:amd64.

Preparing to unpack .../06-binutils-common_2.35.2-2_amd64.deb ...

Unpacking binutils-common:amd64 (2.35.2-2) ...

Selecting previously unselected package libbinutils:amd64.

Preparing to unpack .../07-libbinutils_2.35.2-2_amd64.deb ...

Unpacking libbinutils:amd64 (2.35.2-2) ...

Selecting previously unselected package libctf-nobfd0:amd64.

Preparing to unpack .../08-libctf-nobfd0_2.35.2-2_amd64.deb ...

Unpacking libctf-nobfd0:amd64 (2.35.2-2) ...

Selecting previously unselected package libctf0:amd64.

Preparing to unpack .../09-libctf0_2.35.2-2_amd64.deb ...

Unpacking libctf0:amd64 (2.35.2-2) ...

Selecting previously unselected package binutils-x86-64-linux-gnu.

Preparing to unpack .../10-binutils-x86-64-linux-gnu_2.35.2-2_amd64.deb ...

Unpacking binutils-x86-64-linux-gnu (2.35.2-2) ...

Selecting previously unselected package binutils.

Preparing to unpack .../11-binutils_2.35.2-2_amd64.deb ...

Unpacking binutils (2.35.2-2) ...

Selecting previously unselected package libisl23:amd64.

Preparing to unpack .../12-libisl23_0.23-1_amd64.deb ...

Unpacking libisl23:amd64 (0.23-1) ...

Selecting previously unselected package libmpfr6:amd64.

Preparing to unpack .../13-libmpfr6_4.1.0-3_amd64.deb ...

Unpacking libmpfr6:amd64 (4.1.0-3) ...

Selecting previously unselected package libmpc3:amd64.

Preparing to unpack .../14-libmpc3_1.2.0-1_amd64.deb ...

Unpacking libmpc3:amd64 (1.2.0-1) ...

Selecting previously unselected package cpp-10.

Preparing to unpack .../15-cpp-10_10.2.1-6_amd64.deb ...

Unpacking cpp-10 (10.2.1-6) ...

Selecting previously unselected package cpp.

Preparing to unpack .../16-cpp_4%3a10.2.1-1_amd64.deb ...

Unpacking cpp (4:10.2.1-1) ...

Selecting previously unselected package libbrotli1:amd64.

Preparing to unpack .../17-libbrotli1_1.0.9-2+b2_amd64.deb ...

Unpacking libbrotli1:amd64 (1.0.9-2+b2) ...

Selecting previously unselected package libsasl2-modules-db:amd64.

Preparing to unpack .../18-libsasl2-modules-db_2.1.27+dfsg-2.1+deb11u1_amd64.deb ...

Unpacking libsasl2-modules-db:amd64 (2.1.27+dfsg-2.1+deb11u1) ...

Selecting previously unselected package libsasl2-2:amd64.

Preparing to unpack .../19-libsasl2-2_2.1.27+dfsg-2.1+deb11u1_amd64.deb ...

Unpacking libsasl2-2:amd64 (2.1.27+dfsg-2.1+deb11u1) ...

Selecting previously unselected package libldap-2.4-2:amd64.

Preparing to unpack .../20-libldap-2.4-2_2.4.57+dfsg-3+deb11u1_amd64.deb ...

Unpacking libldap-2.4-2:amd64 (2.4.57+dfsg-3+deb11u1) ...

Selecting previously unselected package libnghttp2-14:amd64.

Preparing to unpack .../21-libnghttp2-14_1.43.0-1+deb11u3_amd64.deb ...

Unpacking libnghttp2-14:amd64 (1.43.0-1+deb11u3) ...

Selecting previously unselected package libpsl5:amd64.

Preparing to unpack .../22-libpsl5_0.21.0-1.2_amd64.deb ...

Unpacking libpsl5:amd64 (0.21.0-1.2) ...

Selecting previously unselected package librtmp1:amd64.

Preparing to unpack .../23-librtmp1_2.4+20151223.gitfa8646d.1-2+b2_amd64.deb ...

Unpacking librtmp1:amd64 (2.4+20151223.gitfa8646d.1-2+b2) ...

Selecting previously unselected package libssh2-1:amd64.

Preparing to unpack .../24-libssh2-1_1.9.0-2+deb11u1_amd64.deb ...

Unpacking libssh2-1:amd64 (1.9.0-2+deb11u1) ...

Selecting previously unselected package libcurl4:amd64.

Preparing to unpack .../25-libcurl4_7.74.0-1.3+deb11u16_amd64.deb ...

Unpacking libcurl4:amd64 (7.74.0-1.3+deb11u16) ...

Selecting previously unselected package curl.

Preparing to unpack .../26-curl_7.74.0-1.3+deb11u16_amd64.deb ...

Unpacking curl (7.74.0-1.3+deb11u16) ...

Selecting previously unselected package fonts-dejavu-core.

Preparing to unpack .../27-fonts-dejavu-core_2.37-2_all.deb ...

Unpacking fonts-dejavu-core (2.37-2) ...

Selecting previously unselected package fontconfig-config.

Preparing to unpack .../28-fontconfig-config_2.13.1-4.2_all.deb ...

Unpacking fontconfig-config (2.13.1-4.2) ...

Selecting previously unselected package libcc1-0:amd64.

Preparing to unpack .../29-libcc1-0_10.2.1-6_amd64.deb ...

Unpacking libcc1-0:amd64 (10.2.1-6) ...

Selecting previously unselected package libgomp1:amd64.

Preparing to unpack .../30-libgomp1_10.2.1-6_amd64.deb ...

Unpacking libgomp1:amd64 (10.2.1-6) ...

Selecting previously unselected package libitm1:amd64.

Preparing to unpack .../31-libitm1_10.2.1-6_amd64.deb ...

Unpacking libitm1:amd64 (10.2.1-6) ...

Selecting previously unselected package libatomic1:amd64.

Preparing to unpack .../32-libatomic1_10.2.1-6_amd64.deb ...

Unpacking libatomic1:amd64 (10.2.1-6) ...

Selecting previously unselected package libasan6:amd64.

Preparing to unpack .../33-libasan6_10.2.1-6_amd64.deb ...

Unpacking libasan6:amd64 (10.2.1-6) ...

Selecting previously unselected package liblsan0:amd64.

Preparing to unpack .../34-liblsan0_10.2.1-6_amd64.deb ...

Unpacking liblsan0:amd64 (10.2.1-6) ...

Selecting previously unselected package libtsan0:amd64.

Preparing to unpack .../35-libtsan0_10.2.1-6_amd64.deb ...

Unpacking libtsan0:amd64 (10.2.1-6) ...

Selecting previously unselected package libubsan1:amd64.

Preparing to unpack .../36-libubsan1_10.2.1-6_amd64.deb ...

Unpacking libubsan1:amd64 (10.2.1-6) ...

Selecting previously unselected package libquadmath0:amd64.

Preparing to unpack .../37-libquadmath0_10.2.1-6_amd64.deb ...

Unpacking libquadmath0:amd64 (10.2.1-6) ...

Selecting previously unselected package libgcc-10-dev:amd64.

Preparing to unpack .../38-libgcc-10-dev_10.2.1-6_amd64.deb ...

Unpacking libgcc-10-dev:amd64 (10.2.1-6) ...

Selecting previously unselected package gcc-10.

Preparing to unpack .../39-gcc-10_10.2.1-6_amd64.deb ...

Unpacking gcc-10 (10.2.1-6) ...

Selecting previously unselected package gcc.

Preparing to unpack .../40-gcc_4%3a10.2.1-1_amd64.deb ...

Unpacking gcc (4:10.2.1-1) ...

Selecting previously unselected package libc-dev-bin.

Preparing to unpack .../41-libc-dev-bin_2.31-13+deb11u14_amd64.deb ...

Unpacking libc-dev-bin (2.31-13+deb11u14) ...

Selecting previously unselected package linux-libc-dev:amd64.

Preparing to unpack .../42-linux-libc-dev_5.10.257-1_amd64.deb ...

Unpacking linux-libc-dev:amd64 (5.10.257-1) ...

Selecting previously unselected package libcrypt-dev:amd64.

Preparing to unpack .../43-libcrypt-dev_1%3a4.4.18-4_amd64.deb ...

Unpacking libcrypt-dev:amd64 (1:4.4.18-4) ...

Selecting previously unselected package libtirpc-dev:amd64.

Preparing to unpack .../44-libtirpc-dev_1.3.1-1+deb11u1_amd64.deb ...

Unpacking libtirpc-dev:amd64 (1.3.1-1+deb11u1) ...

Selecting previously unselected package libnsl-dev:amd64.

Preparing to unpack .../45-libnsl-dev_1.3.0-2_amd64.deb ...

Unpacking libnsl-dev:amd64 (1.3.0-2) ...

Selecting previously unselected package libc6-dev:amd64.

Preparing to unpack .../46-libc6-dev_2.31-13+deb11u14_amd64.deb ...

Unpacking libc6-dev:amd64 (2.31-13+deb11u14) ...

Selecting previously unselected package libstdc++-10-dev:amd64.

Preparing to unpack .../47-libstdc++-10-dev_10.2.1-6_amd64.deb ...

Unpacking libstdc++-10-dev:amd64 (10.2.1-6) ...

Selecting previously unselected package g++-10.

Preparing to unpack .../48-g++-10_10.2.1-6_amd64.deb ...

Unpacking g++-10 (10.2.1-6) ...

Selecting previously unselected package g++.

Preparing to unpack .../49-g++_4%3a10.2.1-1_amd64.deb ...

Unpacking g++ (4:10.2.1-1) ...

Selecting previously unselected package libmd0:amd64.

Preparing to unpack .../50-libmd0_1.0.3-3_amd64.deb ...

Unpacking libmd0:amd64 (1.0.3-3) ...

Selecting previously unselected package libbsd0:amd64.

Preparing to unpack .../51-libbsd0_0.11.3-1+deb11u1_amd64.deb ...

Unpacking libbsd0:amd64 (0.11.3-1+deb11u1) ...

Selecting previously unselected package libpng16-16:amd64.

Preparing to unpack .../52-libpng16-16_1.6.37-3+deb11u4_amd64.deb ...

Unpacking libpng16-16:amd64 (1.6.37-3+deb11u4) ...

Selecting previously unselected package libfreetype6:amd64.

Preparing to unpack .../53-libfreetype6_2.10.4+dfsg-1+deb11u2_amd64.deb ...

Unpacking libfreetype6:amd64 (2.10.4+dfsg-1+deb11u2) ...

Selecting previously unselected package libfontconfig1:amd64.

Preparing to unpack .../54-libfontconfig1_2.13.1-4.2_amd64.deb ...

Unpacking libfontconfig1:amd64 (2.13.1-4.2) ...

Selecting previously unselected package libjpeg62-turbo:amd64.

Preparing to unpack .../55-libjpeg62-turbo_1%3a2.0.6-4_amd64.deb ...

Unpacking libjpeg62-turbo:amd64 (1:2.0.6-4) ...

Selecting previously unselected package libdeflate0:amd64.

Preparing to unpack .../56-libdeflate0_1.7-1_amd64.deb ...

Unpacking libdeflate0:amd64 (1.7-1) ...

Selecting previously unselected package libjbig0:amd64.

Preparing to unpack .../57-libjbig0_2.1-3.1+b2_amd64.deb ...

Unpacking libjbig0:amd64 (2.1-3.1+b2) ...

Selecting previously unselected package libwebp6:amd64.

Preparing to unpack .../58-libwebp6_0.6.1-2.1+deb11u2_amd64.deb ...

Unpacking libwebp6:amd64 (0.6.1-2.1+deb11u2) ...

Selecting previously unselected package libtiff5:amd64.

Preparing to unpack .../59-libtiff5_4.2.0-1+deb11u8_amd64.deb ...

Unpacking libtiff5:amd64 (4.2.0-1+deb11u8) ...

Selecting previously unselected package libxau6:amd64.

Preparing to unpack .../60-libxau6_1%3a1.0.9-1_amd64.deb ...

Unpacking libxau6:amd64 (1:1.0.9-1) ...

Selecting previously unselected package libxdmcp6:amd64.

Preparing to unpack .../61-libxdmcp6_1%3a1.1.2-3_amd64.deb ...

Unpacking libxdmcp6:amd64 (1:1.1.2-3) ...

Selecting previously unselected package libxcb1:amd64.

Preparing to unpack .../62-libxcb1_1.14-3_amd64.deb ...

Unpacking libxcb1:amd64 (1.14-3) ...

Selecting previously unselected package libx11-data.

Preparing to unpack .../63-libx11-data_2%3a1.7.2-1+deb11u2_all.deb ...

Unpacking libx11-data (2:1.7.2-1+deb11u2) ...

Selecting previously unselected package libx11-6:amd64.

Preparing to unpack .../64-libx11-6_2%3a1.7.2-1+deb11u2_amd64.deb ...

Unpacking libx11-6:amd64 (2:1.7.2-1+deb11u2) ...

Selecting previously unselected package libxpm4:amd64.

Preparing to unpack .../65-libxpm4_1%3a3.5.12-1.1+deb11u1_amd64.deb ...

Unpacking libxpm4:amd64 (1:3.5.12-1.1+deb11u1) ...

Selecting previously unselected package libgd3:amd64.

Preparing to unpack .../66-libgd3_2.3.0-2+deb11u1_amd64.deb ...

Unpacking libgd3:amd64 (2.3.0-2+deb11u1) ...

Selecting previously unselected package libc-devtools.

Preparing to unpack .../67-libc-devtools_2.31-13+deb11u14_amd64.deb ...

Unpacking libc-devtools (2.31-13+deb11u14) ...

Selecting previously unselected package libgpm2:amd64.

Preparing to unpack .../68-libgpm2_1.20.7-8_amd64.deb ...

Unpacking libgpm2:amd64 (1.20.7-8) ...

Selecting previously unselected package libldap-common.

Preparing to unpack .../69-libldap-common_2.4.57+dfsg-3+deb11u1_all.deb ...

Unpacking libldap-common (2.4.57+dfsg-3+deb11u1) ...

Selecting previously unselected package libsasl2-modules:amd64.

Preparing to unpack .../70-libsasl2-modules_2.1.27+dfsg-2.1+deb11u1_amd64.deb ...

Unpacking libsasl2-modules:amd64 (2.1.27+dfsg-2.1+deb11u1) ...

Selecting previously unselected package make.

Preparing to unpack .../71-make_4.3-4.1_amd64.deb ...

Unpacking make (4.3-4.1) ...

Selecting previously unselected package manpages-dev.

Preparing to unpack .../72-manpages-dev_5.10-1_all.deb ...

Unpacking manpages-dev (5.10-1) ...

Selecting previously unselected package publicsuffix.

Preparing to unpack .../73-publicsuffix_20220811.1734-0+deb11u1_all.deb ...

Unpacking publicsuffix (20220811.1734-0+deb11u1) ...

Setting up media-types (4.0.0) ...

Setting up libxau6:amd64 (1:1.0.9-1) ...

Setting up libpsl5:amd64 (0.21.0-1.2) ...

Setting up libgpm2:amd64 (1.20.7-8) ...

Setting up manpages (5.10-1) ...

Setting up libbrotli1:amd64 (1.0.9-2+b2) ...

Setting up libsqlite3-0:amd64 (3.34.1-3+deb11u1) ...

Setting up libsasl2-modules:amd64 (2.1.27+dfsg-2.1+deb11u1) ...

Setting up binutils-common:amd64 (2.35.2-2) ...

Setting up libnghttp2-14:amd64 (1.43.0-1+deb11u3) ...

Setting up libdeflate0:amd64 (1.7-1) ...

Setting up linux-libc-dev:amd64 (5.10.257-1) ...

Setting up libctf-nobfd0:amd64 (2.35.2-2) ...

Setting up libgomp1:amd64 (10.2.1-6) ...

Setting up libldap-common (2.4.57+dfsg-3+deb11u1) ...

Setting up libjbig0:amd64 (2.1-3.1+b2) ...

Setting up libasan6:amd64 (10.2.1-6) ...

Setting up libsasl2-modules-db:amd64 (2.1.27+dfsg-2.1+deb11u1) ...

Setting up libtirpc-dev:amd64 (1.3.1-1+deb11u1) ...

Setting up libjpeg62-turbo:amd64 (1:2.0.6-4) ...

Setting up libx11-data (2:1.7.2-1+deb11u2) ...

Setting up make (4.3-4.1) ...

Setting up libmpfr6:amd64 (4.1.0-3) ...

Setting up librtmp1:amd64 (2.4+20151223.gitfa8646d.1-2+b2) ...

Setting up libquadmath0:amd64 (10.2.1-6) ...

Setting up libpng16-16:amd64 (1.6.37-3+deb11u4) ...

Setting up libmpc3:amd64 (1.2.0-1) ...

Setting up libatomic1:amd64 (10.2.1-6) ...

Setting up libwebp6:amd64 (0.6.1-2.1+deb11u2) ...

Setting up fonts-dejavu-core (2.37-2) ...

Setting up libncursesw6:amd64 (6.2+20201114-2+deb11u2) ...

Setting up libsasl2-2:amd64 (2.1.27+dfsg-2.1+deb11u1) ...

Setting up libubsan1:amd64 (10.2.1-6) ...

Setting up libmd0:amd64 (1.0.3-3) ...

Setting up libnsl-dev:amd64 (1.3.0-2) ...

Setting up sensible-utils (0.0.14) ...

Setting up libcrypt-dev:amd64 (1:4.4.18-4) ...

Setting up libmpdec3:amd64 (2.5.1-1) ...

Setting up libssh2-1:amd64 (1.9.0-2+deb11u1) ...

Setting up libtiff5:amd64 (4.2.0-1+deb11u8) ...

Setting up libbinutils:amd64 (2.35.2-2) ...

Setting up libisl23:amd64 (0.23-1) ...

Setting up libc-dev-bin (2.31-13+deb11u14) ...

Setting up openssl (1.1.1w-0+deb11u8) ...

Setting up libbsd0:amd64 (0.11.3-1+deb11u1) ...

Setting up readline-common (8.1-1) ...

Setting up publicsuffix (20220811.1734-0+deb11u1) ...

Setting up libcc1-0:amd64 (10.2.1-6) ...

Setting up liblsan0:amd64 (10.2.1-6) ...

Setting up cpp-10 (10.2.1-6) ...

Setting up libitm1:amd64 (10.2.1-6) ...

Setting up libtsan0:amd64 (10.2.1-6) ...

Setting up libctf0:amd64 (2.35.2-2) ...

Setting up manpages-dev (5.10-1) ...

Setting up libxdmcp6:amd64 (1:1.1.2-3) ...

Setting up libxcb1:amd64 (1.14-3) ...

Setting up libgcc-10-dev:amd64 (10.2.1-6) ...

Setting up libreadline8:amd64 (8.1-1) ...

Setting up libldap-2.4-2:amd64 (2.4.57+dfsg-3+deb11u1) ...

Setting up ca-certificates (20230311+deb12u1~deb11u1) ...

debconf: unable to initialize frontend: Dialog

debconf: (TERM is not set, so the dialog frontend is not usable.)

debconf: falling back to frontend: Readline

debconf: unable to initialize frontend: Readline

debconf: (Can't locate Term/ReadLine.pm in @INC (you may need to install the Term::ReadLine module) (@INC contains: /etc/perl /usr/local/lib/x86_64-linux-gnu/perl/5.32.1 /usr/local/share/perl/5.32.1 /usr/lib/x86_64-linux-gnu/perl5/5.32 /usr/share/perl5 /usr/lib/x86_64-linux-gnu/perl-base /usr/lib/x86_64-linux-gnu/perl/5.32 /usr/share/perl/5.32 /usr/local/lib/site_perl) at /usr/share/perl5/Debconf/FrontEnd/Readline.pm line 7.)

debconf: falling back to frontend: Teletype

Updating certificates in /etc/ssl/certs...

142 added, 0 removed; done.

Setting up libfreetype6:amd64 (2.10.4+dfsg-1+deb11u2) ...

Setting up ucf (3.0043+deb11u2) ...

debconf: unable to initialize frontend: Dialog

debconf: (TERM is not set, so the dialog frontend is not usable.)

debconf: falling back to frontend: Readline

debconf: unable to initialize frontend: Readline

debconf: (Can't locate Term/ReadLine.pm in @INC (you may need to install the Term::ReadLine module) (@INC contains: /etc/perl /usr/local/lib/x86_64-linux-gnu/perl/5.32.1 /usr/local/share/perl/5.32.1 /usr/lib/x86_64-linux-gnu/perl5/5.32 /usr/share/perl5 /usr/lib/x86_64-linux-gnu/perl-base /usr/lib/x86_64-linux-gnu/perl/5.32 /usr/share/perl/5.32 /usr/local/lib/site_perl) at /usr/share/perl5/Debconf/FrontEnd/Readline.pm line 7.)

debconf: falling back to frontend: Teletype

Setting up cpp (4:10.2.1-1) ...

Setting up libcurl4:amd64 (7.74.0-1.3+deb11u16) ...

Setting up libc6-dev:amd64 (2.31-13+deb11u14) ...

Setting up libx11-6:amd64 (2:1.7.2-1+deb11u2) ...

Setting up curl (7.74.0-1.3+deb11u16) ...

Setting up libpython3.9-stdlib:amd64 (3.9.2-1+deb11u7) ...

Setting up libpython3-stdlib:amd64 (3.9.2-3) ...

Setting up binutils-x86-64-linux-gnu (2.35.2-2) ...

Setting up libstdc++-10-dev:amd64 (10.2.1-6) ...

Setting up libxpm4:amd64 (1:3.5.12-1.1+deb11u1) ...

Setting up fontconfig-config (2.13.1-4.2) ...

debconf: unable to initialize frontend: Dialog

debconf: (TERM is not set, so the dialog frontend is not usable.)

debconf: falling back to frontend: Readline

debconf: unable to initialize frontend: Readline

debconf: (Can't locate Term/ReadLine.pm in @INC (you may need to install the Term::ReadLine module) (@INC contains: /etc/perl /usr/local/lib/x86_64-linux-gnu/perl/5.32.1 /usr/local/share/perl/5.32.1 /usr/lib/x86_64-linux-gnu/perl5/5.32 /usr/share/perl5 /usr/lib/x86_64-linux-gnu/perl-base /usr/lib/x86_64-linux-gnu/perl/5.32 /usr/share/perl/5.32 /usr/local/lib/site_perl) at /usr/share/perl5/Debconf/FrontEnd/Readline.pm line 7.)

debconf: falling back to frontend: Teletype

Setting up binutils (2.35.2-2) ...

Setting up gcc-10 (10.2.1-6) ...

Setting up libfontconfig1:amd64 (2.13.1-4.2) ...

Setting up python3.9 (3.9.2-1+deb11u7) ...

Setting up g++-10 (10.2.1-6) ...

Setting up python3 (3.9.2-3) ...

running python rtupdate hooks for python3.9...

running python post-rtupdate hooks for python3.9...

Setting up gcc (4:10.2.1-1) ...

Setting up libgd3:amd64 (2.3.0-2+deb11u1) ...

Setting up g++ (4:10.2.1-1) ...

update-alternatives: using /usr/bin/g++ to provide /usr/bin/c++ (c++) in auto mode

Setting up libc-devtools (2.31-13+deb11u14) ...

Processing triggers for libc-bin (2.31-13+deb11u12) ...

Processing triggers for ca-certificates (20230311+deb12u1~deb11u1) ...

Updating certificates in /etc/ssl/certs...

0 added, 0 removed; done.

Running hooks in /etc/ca-certificates/update.d...

done.

Removing intermediate container 40e82b934fde
 952b048ef93c
Step 3/9 : WORKDIR /usr/src/app
 Running in 0a50472bcdee
Removing intermediate container 0a50472bcdee
 024695a6177c
Step 4/9 : COPY package*.json ./
 ef65391d0137
Step 5/9 : RUN npm ci
 Running in 0d9e5255cb22
[91mnpm warn deprecated node-domexception@1.0.0: Use your platform's native DOMException instead
[0m[91mnpm warn deprecated uuid@9.0.1: uuid@10 and below is no longer supported.  For ESM codebases, update to uuid@latest.  For CommonJS codebases, use uuid@11 (but be aware this version will likely be deprecated in 2028).
[0m
added 221 packages, and audited 222 packages in 8s

38 packages are looking for funding
  run `npm fund` for details

3 moderate severity vulnerabilities

To address all issues (including breaking changes), run:
  npm audit fix --force

Run `npm audit` for details.
[91mnpm notice
npm notice New major version of npm available! 10.8.2 -> 11.17.0
npm notice Changelog: https://github.com/npm/cli/releases/tag/v11.17.0
npm notice To update run: npm install -g npm@11.17.0
npm notice
[0mRemoving intermediate container 0d9e5255cb22
 08077a44cf28
Step 6/9 : COPY . .
 2e79037d0f04
Step 7/9 : ENV NODE_ENV=production
 Running in 57ecfa3955cf
Removing intermediate container 57ecfa3955cf
 dbd822860499
Step 8/9 : EXPOSE 5000
 Running in 5db81301d462
Removing intermediate container 5db81301d462
 27cc89038483
Step 9/9 : CMD ["node", "index.js"]
 Running in 890b3816a3b1
Removing intermediate container 890b3816a3b1
 f8bd0c5c45d3
Successfully built f8bd0c5c45d3
Successfully tagged gcr.io/solarsail-499714/solarsail-server:latest
PUSH
Pushing gcr.io/solarsail-499714/solarsail-server
The push refers to repository [gcr.io/solarsail-499714/solarsail-server]
e55e9466390f: Preparing
426652c8504d: Preparing
4b657c411567: Preparing
5630af70aabe: Preparing
256f70cebdb1: Preparing
44eacf485c49: Preparing
26db308e5c32: Preparing
9a38b24d52bb: Preparing
57f475c746de: Preparing
09246533cafc: Preparing
denied: gcr.io repo does not exist. Creating on push requires the artifactregistry.repositories.createOnPush permission
Pushing gcr.io/solarsail-499714/solarsail-server
The push refers to repository [gcr.io/solarsail-499714/solarsail-server]
e55e9466390f: Preparing
426652c8504d: Preparing
4b657c411567: Preparing
5630af70aabe: Preparing
256f70cebdb1: Preparing
44eacf485c49: Preparing
26db308e5c32: Preparing
9a38b24d52bb: Preparing
57f475c746de: Preparing
09246533cafc: Preparing
denied: gcr.io repo does not exist. Creating on push requires the artifactregistry.repositories.createOnPush permission
Pushing gcr.io/solarsail-499714/solarsail-server
The push refers to repository [gcr.io/solarsail-499714/solarsail-server]
e55e9466390f: Preparing
426652c8504d: Preparing
4b657c411567: Preparing
5630af70aabe: Preparing
256f70cebdb1: Preparing
44eacf485c49: Preparing
26db308e5c32: Preparing
9a38b24d52bb: Preparing
57f475c746de: Preparing
09246533cafc: Preparing
denied: gcr.io repo does not exist. Creating on push requires the artifactregistry.repositories.createOnPush permission
Pushing gcr.io/solarsail-499714/solarsail-server
The push refers to repository [gcr.io/solarsail-499714/solarsail-server]
e55e9466390f: Preparing
426652c8504d: Preparing
4b657c411567: Preparing
5630af70aabe: Preparing
256f70cebdb1: Preparing
44eacf485c49: Preparing
26db308e5c32: Preparing
9a38b24d52bb: Preparing
57f475c746de: Preparing
09246533cafc: Preparing
denied: gcr.io repo does not exist. Creating on push requires the artifactregistry.repositories.createOnPush permission
Pushing gcr.io/solarsail-499714/solarsail-server
The push refers to repository [gcr.io/solarsail-499714/solarsail-server]
e55e9466390f: Preparing
426652c8504d: Preparing
4b657c411567: Preparing
5630af70aabe: Preparing
256f70cebdb1: Preparing
44eacf485c49: Preparing
26db308e5c32: Preparing
9a38b24d52bb: Preparing
57f475c746de: Preparing
09246533cafc: Preparing
denied: gcr.io repo does not exist. Creating on push requires the artifactregistry.repositories.createOnPush permission
Pushing gcr.io/solarsail-499714/solarsail-server
The push refers to repository [gcr.io/solarsail-499714/solarsail-server]
e55e9466390f: Preparing
426652c8504d: Preparing
4b657c411567: Preparing
5630af70aabe: Preparing
256f70cebdb1: Preparing
44eacf485c49: Preparing
26db308e5c32: Preparing
9a38b24d52bb: Preparing
57f475c746de: Preparing
09246533cafc: Preparing
denied: gcr.io repo does not exist. Creating on push requires the artifactregistry.repositories.createOnPush permission
Pushing gcr.io/solarsail-499714/solarsail-server
The push refers to repository [gcr.io/solarsail-499714/solarsail-server]
e55e9466390f: Preparing
426652c8504d: Preparing
4b657c411567: Preparing
5630af70aabe: Preparing
256f70cebdb1: Preparing
44eacf485c49: Preparing
26db308e5c32: Preparing
9a38b24d52bb: Preparing
57f475c746de: Preparing
09246533cafc: Preparing
denied: gcr.io repo does not exist. Creating on push requires the artifactregistry.repositories.createOnPush permission
Pushing gcr.io/solarsail-499714/solarsail-server
The push refers to repository [gcr.io/solarsail-499714/solarsail-server]
e55e9466390f: Preparing
426652c8504d: Preparing
4b657c411567: Preparing
5630af70aabe: Preparing
256f70cebdb1: Preparing
44eacf485c49: Preparing
26db308e5c32: Preparing
9a38b24d52bb: Preparing
57f475c746de: Preparing
09246533cafc: Preparing
denied: gcr.io repo does not exist. Creating on push requires the artifactregistry.repositories.createOnPush permission
Pushing gcr.io/solarsail-499714/solarsail-server
The push refers to repository [gcr.io/solarsail-499714/solarsail-server]
e55e9466390f: Preparing
426652c8504d: Preparing
4b657c411567: Preparing
5630af70aabe: Preparing
256f70cebdb1: Preparing
44eacf485c49: Preparing
26db308e5c32: Preparing
9a38b24d52bb: Preparing
57f475c746de: Preparing
09246533cafc: Preparing
denied: gcr.io repo does not exist. Creating on push requires the artifactregistry.repositories.createOnPush permission
Pushing gcr.io/solarsail-499714/solarsail-server
The push refers to repository [gcr.io/solarsail-499714/solarsail-server]
e55e9466390f: Preparing
426652c8504d: Preparing
4b657c411567: Preparing
5630af70aabe: Preparing
256f70cebdb1: Preparing
44eacf485c49: Preparing
26db308e5c32: Preparing
9a38b24d52bb: Preparing
57f475c746de: Preparing
09246533cafc: Preparing
denied: gcr.io repo does not exist. Creating on push requires the artifactregistry.repositories.createOnPush permission
ERROR: failed to push because we ran out of retries.
ERROR
ERROR: error pushing image "gcr.io/solarsail-499714/solarsail-server": retry budget exhausted (10 attempts): step exited with non-zero status: 1
--------------------------------------------------------------------------------
